Line 47: Class PRJFW_EDIT.TxtEdit of control TXT_DITTA was not a loaded control class.
Line 63: Class PRJFW_EDIT.TxtEdit of control TXT_NUMREG was not a loaded control class.
Line 104: Class PRJFW_EDITM.TXT_EDITM of control TXT_CAUSALEOLD was not a loaded control class.
Line 123: Class PRJFW_EDITDATE.TxtEditDate of control TXT_DATAREGOLD was not a loaded control class.
Line 136: Class PRJFW_EDITDATE.TxtEditDate of control TXT_DATAREGNEW was not a loaded control class.
Line 148: Class PRJFW_EDITNUM.TxtEditNum of control TXT_TOTALENEW was not a loaded control class.
Line 161: Class PRJFW_EDIT.TxtEdit of control TXT_DESCRAGGTESTNEW was not a loaded control class.
Line 194: Class PRJFW_EDIT.TxtEdit of control TXT_DESCRAGGTESTOLD was not a loaded control class.
Line 210: Class PRJFW_EDITNUM.TxtEditNum of control TXT_TOTALEOLD was not a loaded control class.
Line 274: Class PRJFW_EDITDEFCONTO.TxtEditDefConto of control TXT_CONTO1OLD was not a loaded control class.
Line 287: Class PRJFW_EDITDEFCONTO.TxtEditDefConto of control TXT_CONTO1NEW was not a loaded control class.
Line 300: Class PRJFW_EDITDEFCONTO.TxtEditDefConto of control TXT_CONTO2OLD was not a loaded control class.
Line 313: Class PRJFW_EDITDEFCONTO.TxtEditDefConto of control TXT_CONTO2NEW was not a loaded control class.
Line 326: Class PRJFW_COMBOBOX.TMS_COMBO of control CBO_SEGNO2NEW was not a loaded control class.
Line 339: Class PRJFW_COMBOBOX.TMS_COMBO of control CBO_SEGNO2OLD was not a loaded control class.
Line 353: Class PRJFW_COMBOBOX.TMS_COMBO of control CBO_SEGNO1NEW was not a loaded control class.
Line 366: Class PRJFW_COMBOBOX.TMS_COMBO of control CBO_SEGNO1OLD was not a loaded control class.
Line 415: Class PRJFW_EDIT.TxtEdit of control TXT_DESCRAGG2NEW was not a loaded control class.
Line 430: Class PRJFW_EDITNUM.TxtEditNum of control TXT_IMPORTO2NEW was not a loaded control class.
Line 443: Class PRJFW_EDIT.TxtEdit of control TXT_DESCRCONTO2NEW was not a loaded control class.
Line 467: Class PRJFW_EDIT.TxtEdit of control TXT_DESCRAGG2OLD was not a loaded control class.
Line 483: Class PRJFW_EDITNUM.TxtEditNum of control TXT_IMPORTO2OLD was not a loaded control class.
Line 497: Class PRJFW_EDIT.TxtEdit of control TXT_DESCRCONTO2OLD was not a loaded control class.
Line 541: Class PRJFW_EDIT.TxtEdit of control TXT_DESCRAGG1NEW was not a loaded control class.
Line 556: Class PRJFW_EDITNUM.TxtEditNum of control TXT_IMPORTO1NEW was not a loaded control class.
Line 569: Class PRJFW_EDIT.TxtEdit of control TXT_DESCRCONTO1NEW was not a loaded control class.
Line 585: Class PRJFW_EDIT.TxtEdit of control TXT_DESCRCONTO1OLD was not a loaded control class.
Line 601: Class PRJFW_EDITNUM.TxtEditNum of control TXT_IMPORTO1OLD was not a loaded control class.
Line 615: Class PRJFW_EDIT.TxtEdit of control TXT_DESCRAGG1OLD was not a loaded control class.
