Line 66: Class PRJFW_EDIT.TxtEdit of control TXT_NUMREG was not a loaded control class.
Line 81: Class PRJFW_EDIT.TxtEdit of control TXT_DITTA was not a loaded control class.
Line 123: Class PRJFW_EDITM.TXT_EDITM of control TXT_ALIQUOTAOLD was not a loaded control class.
Line 142: Class PRJFW_EDITDEFCONTO.TxtEditDefConto of control TXT_CONTOOLD was not a loaded control class.
Line 155: Class PRJFW_EDITM.TXT_EDITM of control TXT_ALIQUOTANEW was not a loaded control class.
Line 174: Class PRJFW_EDITDEFCONTO.TxtEditDefConto of control TXT_CONTONEW was not a loaded control class.
Line 186: Class PRJFW_EDITDEFCONTO.TxtEditDefConto of control TXT_CONTOIVAOLD was not a loaded control class.
Line 199: Class PRJFW_EDITDEFCONTO.TxtEditDefConto of control TXT_CONTOIVANEW was not a loaded control class.
Line 212: Class PRJFW_COMBOBOX.TMS_COMBO of control CBO_SEGNOIVANEW was not a loaded control class.
Line 226: Class PRJFW_COMBOBOX.TMS_COMBO of control CBO_SEGNOIVAOLD was not a loaded control class.
Line 240: Class PRJFW_COMBOBOX.TMS_COMBO of control CBO_SEGNONEW was not a loaded control class.
Line 254: Class PRJFW_COMBOBOX.TMS_COMBO of control CBO_SEGNOOLD was not a loaded control class.
Line 268: Class PRJFW_EDITNUM.TxtEditNum of control TXT_IMPORTOIVANEW was not a loaded control class.
Line 313: Class PRJFW_EDITNUM.TxtEditNum of control TXT_IMPORTOIVAOLD was not a loaded control class.
Line 327: Class PRJFW_EDITNUM.TxtEditNum of control TXT_IMPONIBILENEW was not a loaded control class.
Line 340: Class PRJFW_EDITNUM.TxtEditNum of control TXT_IMPOSTANEW was not a loaded control class.
Line 354: Class PRJFW_EDITNUM.TxtEditNum of control TXT_IMPOSTANDNEW was not a loaded control class.
Line 410: Class PRJFW_EDITNUM.TxtEditNum of control TXT_IMPONIBILEOLD was not a loaded control class.
Line 442: Class PRJFW_EDITNUM.TxtEditNum of control TXT_IMPOSTAOLD was not a loaded control class.
Line 464: Class PRJFW_EDITNUM.TxtEditNum of control TXT_IMPOSTANDOLD was not a loaded control class.
Line 519: Class PRJFW_EDIT.TxtEdit of control TXT_TOTALENEW was not a loaded control class.
Line 532: Class PRJFW_EDIT.TxtEdit of control TXT_DESCRAGGTESTNEW was not a loaded control class.
Line 547: Class PRJFW_EDIT.TxtEdit of control TXT_NUMDOCORIGNEW was not a loaded control class.
Line 578: Class PRJFW_EDIT.TxtEdit of control TXT_TOTALEOLD was not a loaded control class.
Line 592: Class PRJFW_EDIT.TxtEdit of control TXT_NUMDOCORIGOLD was not a loaded control class.
Line 606: Class PRJFW_EDIT.TxtEdit of control TXT_DESCRAGGTESTOLD was not a loaded control class.
