Line 32: Class PRJFW_COMBOBOX.TMS_COMBO of control CBO_PRORATA was not a loaded control class.
Line 63: Class PRJFW_COMBOBOX.TMS_COMBO of control CBO_INDDETRIVA was not a loaded control class.
Line 187: Class PRJFW_EDITM.TXT_EDITM of control TXT_ALIQUOTA1 was not a loaded control class.
Line 205: Class PRJFW_EDITDEFCONTO.TxtEditDefConto of control TXT_CONTO1 was not a loaded control class.
Line 217: Class PRJFW_EDITDEFCONTO.TxtEditDefConto of control TXT_CONTOIVA was not a loaded control class.
Line 229: Class PRJFW_EDITM.TXT_EDITM of control TXT_ALIQUOTA2 was not a loaded control class.
Line 247: Class PRJFW_EDITDEFCONTO.TxtEditDefConto of control TXT_CONTO2 was not a loaded control class.
Line 259: Class PRJFW_EDITDEFCONTO.TxtEditDefConto of control TXT_CONTOIVAND was not a loaded control class.
Line 271: Class PRJFW_COMBOBOX.TMS_COMBO of control CBO_SEGNOIVAND was not a loaded control class.
Line 285: Class PRJFW_COMBOBOX.TMS_COMBO of control CBO_SEGNOIVA was not a loaded control class.
Line 299: Class PRJFW_COMBOBOX.TMS_COMBO of control CBO_SEGNO2 was not a loaded control class.
Line 313: Class PRJFW_COMBOBOX.TMS_COMBO of control CBO_SEGNO1 was not a loaded control class.
Line 343: Class PRJFW_EDITNUM.TxtEditNum of control TXT_IMPORTOIVAND was not a loaded control class.
Line 365: Class PRJFW_EDITNUM.TxtEditNum of control TXT_IMPOSTAND2 was not a loaded control class.
Line 386: Class PRJFW_EDITNUM.TxtEditNum of control TXT_IMPOSTA2 was not a loaded control class.
Line 407: Class PRJFW_EDITNUM.TxtEditNum of control TXT_IMPOSTAND1 was not a loaded control class.
Line 428: Class PRJFW_EDITNUM.TxtEditNum of control TXT_IMPOSTA1 was not a loaded control class.
Line 516: Class PRJFW_EDITNUM.TxtEditNum of control TXT_IMPONIBILE2 was not a loaded control class.
Line 536: Class PRJFW_EDITNUM.TxtEditNum of control TXT_IMPORTOIVA was not a loaded control class.
Line 550: Class PRJFW_EDITNUM.TxtEditNum of control TXT_IMPONIBILE1 was not a loaded control class.
Line 635: Class PRJFW_EDITM.TXT_EDITM of control TXT_CAUSALE was not a loaded control class.
Line 653: Class PRJFW_COMBOBOX.TMS_COMBO of control CBO_SEGNOCLIFOR was not a loaded control class.
Line 667: Class PRJFW_EDITDATE.TxtEditDate of control TXT_DATAREG was not a loaded control class.
Line 679: Class PRJFW_EDITDATE.TxtEditDate of control TXT_DATADOC was not a loaded control class.
Line 699: Class PRJFW_EDIT.TxtEdit of control TXT_CLIFOR was not a loaded control class.
Line 714: Class PRJFW_EDIT.TxtEdit of control TXT_NUMDOCORIG was not a loaded control class.
Line 727: Class PRJFW_EDITNUM.TxtEditNum of control TXT_TOTALE was not a loaded control class.
Line 739: Class PRJFW_EDIT.TxtEdit of control TXT_NUMDOC was not a loaded control class.
Line 752: Class PRJFW_EDIT.TxtEdit of control TXT_DITTA was not a loaded control class.
Line 833: Class PRJFW_EDIT.TxtEdit of control TXT_NUMREG was not a loaded control class.
