Line 40: Class PRJFW_EDITM.TXT_EDITM of control TXT_CAUSALE was not a loaded control class.
Line 58: Class PRJFW_EDITDATE.TxtEditDate of control TXT_DATARATEOPREC was not a loaded control class.
Line 78: Class PRJFW_EDITDATE.TxtEditDate of control TXT_DATARATEOCORR was not a loaded control class.
Line 98: Class PRJFW_EDITDATE.TxtEditDate of control TXT_DATAREG was not a loaded control class.
Line 110: Class PRJFW_EDIT.TxtEdit of control TXT_DESCRAGGTEST was not a loaded control class.
Line 125: Class PRJFW_EDITNUM.TxtEditNum of control TXT_TOTALE was not a loaded control class.
Line 138: Class PRJFW_EDIT.TxtEdit of control TXT_DITTA was not a loaded control class.
Line 219: Class PRJFW_EDITDEFCONTO.TxtEditDefConto of control TXT_CONTO1 was not a loaded control class.
Line 232: Class PRJFW_EDITDEFCONTO.TxtEditDefConto of control TXT_CONTO2 was not a loaded control class.
Line 253: Class PRJFW_EDITDATE.TxtEditDate of control TXT_DATAFINCOMP1 was not a loaded control class.
Line 273: Class PRJFW_EDITDATE.TxtEditDate of control TXT_DATAINICOMP1 was not a loaded control class.
Line 285: Class PRJFW_COMBOBOX.TMS_COMBO of control CBO_SEGNO2 was not a loaded control class.
Line 298: Class PRJFW_COMBOBOX.TMS_COMBO of control CBO_SEGNO1 was not a loaded control class.
Line 311: Class PRJFW_EDIT.TxtEdit of control TXT_DESCRCONTO1 was not a loaded control class.
Line 327: Class PRJFW_EDIT.TxtEdit of control TXT_DESCRCONTO2 was not a loaded control class.
Line 343: Class PRJFW_EDITNUM.TxtEditNum of control TXT_IMPORTO2 was not a loaded control class.
Line 356: Class PRJFW_EDITNUM.TxtEditNum of control TXT_IMPORTO1 was not a loaded control class.
Line 369: Class PRJFW_EDIT.TxtEdit of control TXT_DESCRAGG2 was not a loaded control class.
Line 384: Class PRJFW_EDIT.TxtEdit of control TXT_DESCRAGG1 was not a loaded control class.
Line 481: Class PRJFW_EDIT.TxtEdit of control TXT_NUMREG was not a loaded control class.
