Line 68: Class PRJFW_EDITM.TXT_EDITM of control TXT_ALIQUOTA1 was not a loaded control class.
Line 86: Class PRJFW_EDITDEFCONTO.TxtEditDefConto of control TXT_CONTO1 was not a loaded control class.
Line 98: Class PRJFW_EDITDEFCONTO.TxtEditDefConto of control TXT_CONTOIVA was not a loaded control class.
Line 110: Class PRJFW_EDITDEFCONTO.TxtEditDefConto of control TXT_CONTOIVAND was not a loaded control class.
Line 122: Class PRJFW_EDITM.TXT_EDITM of control TXT_CODBENE was not a loaded control class.
Line 145: Class PRJFW_EDITM.TXT_EDITM of control TXT_DESCRBENE was not a loaded control class.
Line 174: Class PRJFW_EDITNUM.TxtEditNum of control TXT_RETTCOSTO was not a loaded control class.
Line 199: Class PRJFW_EDITNUM.TxtEditNum of control TXT_QUANTITA was not a loaded control class.
Line 229: Class PRJFW_COMBOBOX.TMS_COMBO of control CBO_TIPOMOVBU was not a loaded control class.
Line 253: Class PRJFW_EDITNUM.TxtEditNum of control TXT_PERCFORF was not a loaded control class.
Line 276: Class PRJFW_EDIT.TxtEdit of control TXT_INVENTARIO was not a loaded control class.
Line 308: Class PRJFW_COMBOBOX.TMS_COMBO of control CBO_SEGNOIVAND was not a loaded control class.
Line 322: Class PRJFW_COMBOBOX.TMS_COMBO of control CBO_SEGNOIVA was not a loaded control class.
Line 336: Class PRJFW_COMBOBOX.TMS_COMBO of control CBO_SEGNO1 was not a loaded control class.
Line 366: Class PRJFW_EDITNUM.TxtEditNum of control TXT_IMPORTOIVAND was not a loaded control class.
Line 388: Class PRJFW_EDITNUM.TxtEditNum of control TXT_IMPOSTAND1 was not a loaded control class.
Line 409: Class PRJFW_EDITNUM.TxtEditNum of control TXT_IMPOSTA1 was not a loaded control class.
Line 447: Class PRJFW_EDITNUM.TxtEditNum of control TXT_IMPORTOIVA was not a loaded control class.
Line 461: Class PRJFW_EDITNUM.TxtEditNum of control TXT_IMPONIBILE1 was not a loaded control class.
Line 546: Class PRJFW_EDITM.TXT_EDITM of control TXT_CAUSALE was not a loaded control class.
Line 564: Class PRJFW_COMBOBOX.TMS_COMBO of control CBO_SEGNOCLIFOR was not a loaded control class.
Line 578: Class PRJFW_EDITDATE.TxtEditDate of control TXT_DATAREG was not a loaded control class.
Line 590: Class PRJFW_EDITDATE.TxtEditDate of control TXT_DATADOC was not a loaded control class.
Line 610: Class PRJFW_EDIT.TxtEdit of control TXT_CLIFOR was not a loaded control class.
Line 625: Class PRJFW_EDIT.TxtEdit of control TXT_NUMDOCORIG was not a loaded control class.
Line 638: Class PRJFW_EDITNUM.TxtEditNum of control TXT_TOTALE was not a loaded control class.
Line 650: Class PRJFW_EDIT.TxtEdit of control TXT_NUMDOC was not a loaded control class.
Line 663: Class PRJFW_EDIT.TxtEdit of control TXT_DITTA was not a loaded control class.
Line 744: Class PRJFW_EDIT.TxtEdit of control TXT_NUMREG was not a loaded control class.
