Line 39: Class PRJFW_EDIT.TxtEdit of control TXT_NUMEROMOVIMENTI was not a loaded control class.
Line 60: Class PRJFW_COMBOBOX.TMS_COMBO of control CBO_PRORATA was not a loaded control class.
Line 91: Class PRJFW_COMBOBOX.TMS_COMBO of control CBO_INDDETRIVA was not a loaded control class.
Line 215: Class PRJFW_EDITM.TXT_EDITM of control TXT_ALIQUOTA1 was not a loaded control class.
Line 233: Class PRJFW_EDITDEFCONTO.TxtEditDefConto of control TXT_CONTO1 was not a loaded control class.
Line 245: Class PRJFW_EDITDEFCONTO.TxtEditDefConto of control TXT_CONTOIVA was not a loaded control class.
Line 257: Class PRJFW_EDITM.TXT_EDITM of control TXT_ALIQUOTA2 was not a loaded control class.
Line 275: Class PRJFW_EDITDEFCONTO.TxtEditDefConto of control TXT_CONTO2 was not a loaded control class.
Line 287: Class PRJFW_EDITDEFCONTO.TxtEditDefConto of control TXT_CONTOIVAND was not a loaded control class.
Line 299: Class PRJFW_COMBOBOX.TMS_COMBO of control CBO_SEGNOIVAND was not a loaded control class.
Line 313: Class PRJFW_COMBOBOX.TMS_COMBO of control CBO_SEGNOIVA was not a loaded control class.
Line 327: Class PRJFW_COMBOBOX.TMS_COMBO of control CBO_SEGNO2 was not a loaded control class.
Line 341: Class PRJFW_COMBOBOX.TMS_COMBO of control CBO_SEGNO1 was not a loaded control class.
Line 371: Class PRJFW_EDITNUM.TxtEditNum of control TXT_IMPORTOIVAND was not a loaded control class.
Line 393: Class PRJFW_EDITNUM.TxtEditNum of control TXT_IMPOSTAND2 was not a loaded control class.
Line 414: Class PRJFW_EDITNUM.TxtEditNum of control TXT_IMPOSTA2 was not a loaded control class.
Line 435: Class PRJFW_EDITNUM.TxtEditNum of control TXT_IMPOSTAND1 was not a loaded control class.
Line 456: Class PRJFW_EDITNUM.TxtEditNum of control TXT_IMPOSTA1 was not a loaded control class.
Line 544: Class PRJFW_EDITNUM.TxtEditNum of control TXT_IMPONIBILE2 was not a loaded control class.
Line 564: Class PRJFW_EDITNUM.TxtEditNum of control TXT_IMPORTOIVA was not a loaded control class.
Line 578: Class PRJFW_EDITNUM.TxtEditNum of control TXT_IMPONIBILE1 was not a loaded control class.
Line 663: Class PRJFW_EDITM.TXT_EDITM of control TXT_CAUSALE was not a loaded control class.
Line 681: Class PRJFW_COMBOBOX.TMS_COMBO of control CBO_SEGNOCLIFOR was not a loaded control class.
Line 695: Class PRJFW_EDITDATE.TxtEditDate of control TXT_DATAREG was not a loaded control class.
Line 707: Class PRJFW_EDITDATE.TxtEditDate of control TXT_DATADOC was not a loaded control class.
Line 727: Class PRJFW_EDIT.TxtEdit of control TXT_CLIFOR was not a loaded control class.
Line 742: Class PRJFW_EDIT.TxtEdit of control TXT_NUMDOCORIG was not a loaded control class.
Line 755: Class PRJFW_EDITNUM.TxtEditNum of control TXT_TOTALE was not a loaded control class.
Line 767: Class PRJFW_EDIT.TxtEdit of control TXT_NUMDOC was not a loaded control class.
Line 780: Class PRJFW_EDIT.TxtEdit of control TXT_DITTA was not a loaded control class.
Line 861: Class PRJFW_EDIT.TxtEdit of control TXT_NUMREG was not a loaded control class.
