Line 70: Class PRJFW_EDITNUMM.TxtEditNumM of control TXT_ABIRA was not a loaded control class.
Line 89: Class PRJFW_EDITNUMM.TxtEditNumM of control TXT_CABRA was not a loaded control class.
Line 108: Class PRJFW_TmsLabel.TMS_LABEL of control TMS_LABEL23 was not a loaded control class.
Line 119: Class PRJFW_TmsLabel.TMS_LABEL of control TMS_LABEL5 was not a loaded control class.
Line 130: Class PRJFW_TmsLabel.TMS_LABEL of control TMS_LABEL12 was not a loaded control class.
Line 141: Class PRJFW_TmsLabel.TMS_LABEL of control TMS_LABEL13 was not a loaded control class.
Line 152: Class PRJFW_TmsLabel.TMS_LABEL of control TMS_LABEL4 was not a loaded control class.
Line 163: Class PRJFW_EDIT.TxtEdit of control TXT_SERIERA was not a loaded control class.
Line 180: Class PRJFW_EDIT.TxtEdit of control TXT_CCPOSTALERA was not a loaded control class.
Line 197: Class PRJFW_TmsLabel.TMS_LABEL of control TMS_LABEL22 was not a loaded control class.
Line 208: Class PRJFW_EDIT.TxtEdit of control TXT_QUIETANZARA was not a loaded control class.
Line 225: Class PRJFW_EDIT.TxtEdit of control TXT_DESCRABIRA was not a loaded control class.
Line 241: Class PRJFW_EDIT.TxtEdit of control TXT_DESCRCABRA was not a loaded control class.
Line 257: Class PRJFW_EDITNUM.TxtEditNum of control TXT_ANNOVERSRA was not a loaded control class.
Line 272: Class PRJFW_EDITNUM.TxtEditNum of control TXT_MESEVERSRA was not a loaded control class.
Line 286: Class PRJFW_TmsLabel.TMS_LABEL of control TMS_LABEL9 was not a loaded control class.
Line 297: Class PRJFW_COMBOBOX.TMS_COMBO of control CMB_TIPOVERSRA was not a loaded control class.
Line 331: Class PRJFW_EDITDATE.TxtEditDate of control TXT_DATAPAG was not a loaded control class.
Line 343: Class PRJFW_CHECKBOX.TMS_CHECKBOX of control CHK_FLGSTAMPRA was not a loaded control class.
Line 364: Class PRJFW_EDIT.TxtEdit of control TXT_NUMREGPAG was not a loaded control class.
Line 387: Class PRJFW_EDITNUM.TxtEditNum of control TXT_ABBUONO was not a loaded control class.
Line 411: Class PRJFW_EDITNUM.TxtEditNum of control TXT_PAGATO was not a loaded control class.
Line 427: Class PRJFW_TmsLabel.TMS_LABEL of control TMS_LABEL3 was not a loaded control class.
Line 438: Class PRJFW_TmsLabel.TMS_LABEL of control TMS_LABEL1 was not a loaded control class.
Line 449: Class PRJFW_EDITNUM.TxtEditNum of control TXT_IMPSOGGRA was not a loaded control class.
Line 465: Class PRJFW_EDITNUM.TxtEditNum of control TXT_IMPORTORA was not a loaded control class.
Line 498: Class PRJFW_TmsLabel.TMS_LABEL of control TMS_LABEL32 was not a loaded control class.
Line 509: Class PRJFW_EDITDATE.TxtEditDate of control TXT_DATAREG was not a loaded control class.
Line 529: Class PRJFW_CHECKBOX.TMS_CHECKBOX of control CHK_BIS was not a loaded control class.
Line 540: Class PRJFW_EDIT.TxtEdit of control TXT_PROTOCOLLO was not a loaded control class.
Line 563: Class PRJFW_EDITNUM.TxtEditNum of control TXT_IMPORTO_RA was not a loaded control class.
Line 578: Class PRJFW_EDITNUM.TxtEditNum of control TXT_IMPON_RA was not a loaded control class.
Line 593: Class PRJFW_EDITNUM.TxtEditNum of control TXT_RIMBORSI was not a loaded control class.
Line 608: Class PRJFW_TmsLabel.TMS_LABEL of control TMS_LABEL34 was not a loaded control class.
Line 619: Class PRJFW_TmsLabel.TMS_LABEL of control TMS_LABEL42 was not a loaded control class.
Line 630: Class PRJFW_TmsLabel.TMS_LABEL of control TMS_LABEL2 was not a loaded control class.
Line 641: Class PRJFW_EDITNUM.TxtEditNum of control TXT_CONTRIBINT was not a loaded control class.
Line 939: Class PRJFW_EDIT.TxtEdit of control TXT_NUMREG was not a loaded control class.
Line 962: Class PRJFW_EDIT.TxtEdit of control TXT_DITTA was not a loaded control class.
