Line 78: Class PRJFW_EDITM.TXT_EDITM of control TXT_ALIQUOTA1 was not a loaded control class.
Line 96: Class PRJFW_EDITDEFCONTO.TxtEditDefConto of control TXT_CONTO1 was not a loaded control class.
Line 108: Class PRJFW_EDITDEFCONTO.TxtEditDefConto of control TXT_CONTOIVA was not a loaded control class.
Line 120: Class PRJFW_EDITM.TXT_EDITM of control TXT_ALIQUOTA2 was not a loaded control class.
Line 138: Class PRJFW_EDITDEFCONTO.TxtEditDefConto of control TXT_CONTO2 was not a loaded control class.
Line 150: Class PRJFW_EDITNUM.TxtEditNum of control TXT_IMPONIBILENETTO2 was not a loaded control class.
Line 163: Class PRJFW_EDITNUM.TxtEditNum of control TXT_IMPONIBILENETTO1 was not a loaded control class.
Line 176: Class PRJFW_EDITNUM.TxtEditNum of control TXT_IMPONIBILELORDO2 was not a loaded control class.
Line 189: Class PRJFW_COMBOBOX.TMS_COMBO of control CBO_SEGNOIVA was not a loaded control class.
Line 203: Class PRJFW_COMBOBOX.TMS_COMBO of control CBO_SEGNO2 was not a loaded control class.
Line 217: Class PRJFW_COMBOBOX.TMS_COMBO of control CBO_SEGNO1 was not a loaded control class.
Line 239: Class PRJFW_EDITNUM.TxtEditNum of control TXT_IMPOSTA2 was not a loaded control class.
Line 268: Class PRJFW_EDITNUM.TxtEditNum of control TXT_IMPOSTA1 was not a loaded control class.
Line 371: Class PRJFW_EDITNUM.TxtEditNum of control TXT_IMPORTOIVA was not a loaded control class.
Line 385: Class PRJFW_EDITNUM.TxtEditNum of control TXT_IMPONIBILELORDO1 was not a loaded control class.
Line 462: Class PRJFW_EDITM.TXT_EDITM of control TXT_CAUSALE was not a loaded control class.
Line 480: Class PRJFW_EDITDEFCONTO.TxtEditDefConto of control TXT_CONTOINCASSO1 was not a loaded control class.
Line 492: Class PRJFW_EDITDEFCONTO.TxtEditDefConto of control TXT_CONTOINCASSO2 was not a loaded control class.
Line 512: Class PRJFW_EDITNUM.TxtEditNum of control TXT_IMPORTO2 was not a loaded control class.
Line 541: Class PRJFW_EDITNUM.TxtEditNum of control TXT_IMPORTO1 was not a loaded control class.
Line 569: Class PRJFW_COMBOBOX.TMS_COMBO of control CBO_SEGNOCLIFOR was not a loaded control class.
Line 583: Class PRJFW_EDITDATE.TxtEditDate of control TXT_DATAREG was not a loaded control class.
Line 595: Class PRJFW_EDITDATE.TxtEditDate of control TXT_DATADOC was not a loaded control class.
Line 615: Class PRJFW_EDIT.TxtEdit of control TXT_NUMDOCORIG was not a loaded control class.
Line 628: Class PRJFW_EDITNUM.TxtEditNum of control TXT_TOTALE was not a loaded control class.
Line 641: Class PRJFW_EDIT.TxtEdit of control TXT_NUMDOC was not a loaded control class.
Line 654: Class PRJFW_EDIT.TxtEdit of control TXT_DITTA was not a loaded control class.
Line 727: Class PRJFW_EDIT.TxtEdit of control TXT_NUMREG was not a loaded control class.
