Line 47: Class PRJFW_EDIT.TxtEdit of control TXT_DITTA was not a loaded control class.
Line 63: Class PRJFW_EDIT.TxtEdit of control TXT_NUMREG was not a loaded control class.
Line 104: Class PRJFW_EDITM.TXT_EDITM of control TXT_CAUSALEOLD was not a loaded control class.
Line 123: Class PRJFW_EDITDATE.TxtEditDate of control TXT_DATAREGOLD was not a loaded control class.
Line 136: Class PRJFW_EDITDATE.TxtEditDate of control TXT_DATAREGNEW was not a loaded control class.
Line 148: Class PRJFW_EDITNUM.TxtEditNum of control TXT_TOTALENEW was not a loaded control class.
Line 161: Class PRJFW_EDIT.TxtEdit of control TXT_DESCRAGGTESTNEW was not a loaded control class.
Line 194: Class PRJFW_EDIT.TxtEdit of control TXT_DESCRAGGTESTOLD was not a loaded control class.
Line 210: Class PRJFW_EDITNUM.TxtEditNum of control TXT_TOTALEOLD was not a loaded control class.
Line 274: Class PRJFW_EDITDEFCONTO.TxtEditDefConto of control TXT_CONTO1OLD was not a loaded control class.
Line 287: Class PRJFW_EDITDEFCONTO.TxtEditDefConto of control TXT_CONTO1NEW was not a loaded control class.
Line 300: Class PRJFW_EDITDEFCONTO.TxtEditDefConto of control TXT_CONTO2OLD was not a loaded control class.
Line 313: Class PRJFW_EDITDEFCONTO.TxtEditDefConto of control TXT_CONTO2NEW was not a loaded control class.
Line 326: Class PRJFW_EDITDEFCONTO.TxtEditDefConto of control TXT_CONTO3OLD was not a loaded control class.
Line 339: Class PRJFW_EDITDEFCONTO.TxtEditDefConto of control TXT_CONTO3NEW was not a loaded control class.
Line 352: Class PRJFW_EDIT.TxtEdit of control TXT_DESCRAGG3OLD was not a loaded control class.
Line 368: Class PRJFW_EDITNUM.TxtEditNum of control TXT_ABBUONO3OLD was not a loaded control class.
Line 390: Class PRJFW_COMBOBOX.TMS_COMBO of control CBO_SEGNO3OLD was not a loaded control class.
Line 404: Class PRJFW_EDITNUM.TxtEditNum of control TXT_ABBUONO3NEW was not a loaded control class.
Line 441: Class PRJFW_EDIT.TxtEdit of control TXT_DESCRCONTO3OLD was not a loaded control class.
Line 457: Class PRJFW_EDITNUM.TxtEditNum of control TXT_IMPORTO3OLD was not a loaded control class.
Line 479: Class PRJFW_EDIT.TxtEdit of control TXT_DESCRCONTO3NEW was not a loaded control class.
Line 495: Class PRJFW_EDITNUM.TxtEditNum of control TXT_IMPORTO3NEW was not a loaded control class.
Line 508: Class PRJFW_EDIT.TxtEdit of control TXT_DESCRAGG3NEW was not a loaded control class.
Line 558: Class PRJFW_COMBOBOX.TMS_COMBO of control CBO_SEGNO3NEW was not a loaded control class.
Line 571: Class PRJFW_EDITNUM.TxtEditNum of control TXT_ABBUONO2NEW was not a loaded control class.
Line 584: Class PRJFW_EDITNUM.TxtEditNum of control TXT_ABBUONO1NEW was not a loaded control class.
Line 597: Class PRJFW_EDITNUM.TxtEditNum of control TXT_ABBUONO2OLD was not a loaded control class.
Line 619: Class PRJFW_EDITNUM.TxtEditNum of control TXT_ABBUONO1OLD was not a loaded control class.
Line 641: Class PRJFW_COMBOBOX.TMS_COMBO of control CBO_SEGNO2NEW was not a loaded control class.
Line 654: Class PRJFW_COMBOBOX.TMS_COMBO of control CBO_SEGNO2OLD was not a loaded control class.
Line 668: Class PRJFW_COMBOBOX.TMS_COMBO of control CBO_SEGNO1NEW was not a loaded control class.
Line 681: Class PRJFW_COMBOBOX.TMS_COMBO of control CBO_SEGNO1OLD was not a loaded control class.
Line 730: Class PRJFW_EDIT.TxtEdit of control TXT_DESCRAGG2NEW was not a loaded control class.
Line 745: Class PRJFW_EDITNUM.TxtEditNum of control TXT_IMPORTO2NEW was not a loaded control class.
Line 758: Class PRJFW_EDIT.TxtEdit of control TXT_DESCRCONTO2NEW was not a loaded control class.
Line 782: Class PRJFW_EDIT.TxtEdit of control TXT_DESCRAGG2OLD was not a loaded control class.
Line 798: Class PRJFW_EDITNUM.TxtEditNum of control TXT_IMPORTO2OLD was not a loaded control class.
Line 812: Class PRJFW_EDIT.TxtEdit of control TXT_DESCRCONTO2OLD was not a loaded control class.
Line 856: Class PRJFW_EDIT.TxtEdit of control TXT_DESCRAGG1NEW was not a loaded control class.
Line 871: Class PRJFW_EDITNUM.TxtEditNum of control TXT_IMPORTO1NEW was not a loaded control class.
Line 884: Class PRJFW_EDIT.TxtEdit of control TXT_DESCRCONTO1NEW was not a loaded control class.
Line 900: Class PRJFW_EDIT.TxtEdit of control TXT_DESCRCONTO1OLD was not a loaded control class.
Line 916: Class PRJFW_EDITNUM.TxtEditNum of control TXT_IMPORTO1OLD was not a loaded control class.
Line 930: Class PRJFW_EDIT.TxtEdit of control TXT_DESCRAGG1OLD was not a loaded control class.
