Line 82: Class PRJFW_EDITDATEM.EditDateM of control TXT_DATAPAG was not a loaded control class.
Line 97: Class PRJFW_CHECKBOX.TMS_CHECKBOX of control CHK_STANDALONEPAG was not a loaded control class.
Line 108: Class PRJFW_EDIT.TxtEdit of control TXT_NUMREGPAG was not a loaded control class.
Line 132: Class PRJFW_EDITNUM.TxtEditNum of control TXT_IMPON_RP was not a loaded control class.
Line 147: Class PRJFW_EDITNUM.TxtEditNum of control TXT_FRANCHIGIA was not a loaded control class.
Line 162: Class PRJFW_EDITNUM.TxtEditNum of control TXT_CONTCDITTA was not a loaded control class.
Line 177: Class PRJFW_EDITNUM.TxtEditNum of control TXT_CONTCPERC was not a loaded control class.
Line 192: Class PRJFW_TmsLabel.TMS_LABEL of control TMS_LABEL37 was not a loaded control class.
Line 203: Class PRJFW_TmsLabel.TMS_LABEL of control TMS_LABEL38 was not a loaded control class.
Line 214: Class PRJFW_TmsLabel.TMS_LABEL of control TMS_LABEL40 was not a loaded control class.
Line 225: Class PRJFW_TmsLabel.TMS_LABEL of control TMS_LABEL3 was not a loaded control class.
Line 236: Class PRJFW_EDITNUM.TxtEditNum of control TXT_IMPORTO_RA was not a loaded control class.
Line 251: Class PRJFW_EDITNUM.TxtEditNum of control TXT_IMPON_RA was not a loaded control class.
Line 266: Class PRJFW_EDITNUM.TxtEditNum of control TXT_RIMBORSI was not a loaded control class.
Line 281: Class PRJFW_EDITNUM.TxtEditNum of control TXT_IMPORTOALRIT was not a loaded control class.
Line 296: Class PRJFW_TmsLabel.TMS_LABEL of control TMS_LABEL7 was not a loaded control class.
Line 307: Class PRJFW_TmsLabel.TMS_LABEL of control TMS_LABEL34 was not a loaded control class.
Line 318: Class PRJFW_TmsLabel.TMS_LABEL of control TMS_LABEL32 was not a loaded control class.
Line 329: Class PRJFW_TmsLabel.TMS_LABEL of control TMS_LABEL42 was not a loaded control class.
Line 340: Class PRJFW_TmsLabel.TMS_LABEL of control TMS_LABEL4 was not a loaded control class.
Line 351: Class PRJFW_TmsLabel.TMS_LABEL of control TMS_LABEL2 was not a loaded control class.
Line 362: Class PRJFW_EDITNUM.TxtEditNum of control TXT_CONTRIBINT was not a loaded control class.
Line 376: Class PRJFW_EDITNUM.TxtEditNum of control TXT_PROVVNONSOG was not a loaded control class.
Line 390: Class PRJFW_TmsLabel.TMS_LABEL of control TMS_LABEL1 was not a loaded control class.
Line 401: Class PRJFW_TmsLabel.TMS_LABEL of control TMS_LABEL29 was not a loaded control class.
Line 412: Class PRJFW_EDITNUM.TxtEditNum of control TXT_MESECOMP was not a loaded control class.
Line 426: Class PRJFW_EDITNUM.TxtEditNum of control TXT_ANNOCOMP was not a loaded control class.
Line 455: Class PRJFW_EDIT.TxtEdit of control TXT_NREGPERPAG was not a loaded control class.
Line 478: Class PRJFW_EDIT.TxtEdit of control TXT_DITTAPAG was not a loaded control class.
Line 502: Class PRJFW_EDITNUM.TxtEditNum of control TXT_PAGATO was not a loaded control class.
Line 522: Class PRJFW_EDITNUM.TxtEditNum of control TXT_ABBUONO was not a loaded control class.
Line 595: Class PRJFW_EDITM.TXT_EDITM of control TXT_CAUSPREST was not a loaded control class.
Line 613: Class PRJFW_EDITM.TXT_EDITM of control TXT_CODTRIBUTO was not a loaded control class.
Line 633: Class PRJFW_EDITM.TXT_EDITM of control TXT_CODTRIBRP was not a loaded control class.
Line 654: Class PRJFW_EDITNUM.TxtEditNum of control TXT_PERCRIPAZ was not a loaded control class.
Line 670: Class PRJFW_TmsLabel.TMS_LABEL of control TMS_LABEL5 was not a loaded control class.
Line 688: Class PRJFW_EDITNUM.TxtEditNum of control TXT_ALTRERITENUTE was not a loaded control class.
Line 717: Class PRJFW_EDIT.TxtEdit of control TXT_NUMREG was not a loaded control class.
Line 733: Class PRJFW_CHECKBOX.TMS_CHECKBOX of control CHK_BIS was not a loaded control class.
Line 751: Class PRJFW_CHECKBOX.TMS_CHECKBOX of control CHK_STANDALONE was not a loaded control class.
Line 762: Class PRJFW_EDITNUM.TxtEditNum of control TXT_IMPORTOIVA was not a loaded control class.
Line 783: Class PRJFW_EDITNUM.TxtEditNum of control TXT_IMPORTOSOGG was not a loaded control class.
Line 804: Class PRJFW_EDITNUM.TxtEditNum of control TXT_IMPORTOREG was not a loaded control class.
Line 839: Class PRJFW_EDITNUM.TxtEditNum of control TXT_IMPORTOCDITTA was not a loaded control class.
Line 860: Class PRJFW_EDITNUM.TxtEditNum of control TXT_IMPORTOCPERC was not a loaded control class.
Line 881: Class PRJFW_EDITNUM.TxtEditNum of control TXT_IMPONIBILERP was not a loaded control class.
Line 902: Class PRJFW_EDITNUM.TxtEditNum of control TXT_FRANCHIGIARP was not a loaded control class.
Line 923: Class PRJFW_EDITNUM.TxtEditNum of control TXT_IMPORTORA was not a loaded control class.
Line 944: Class PRJFW_EDITNUM.TxtEditNum of control TXT_CONTRIBINTEGR was not a loaded control class.
Line 965: Class PRJFW_EDITNUM.TxtEditNum of control TXT_IMPONIBILERA was not a loaded control class.
Line 986: Class PRJFW_EDITNUM.TxtEditNum of control TXT_PROVVNONSOGG was not a loaded control class.
Line 1007: Class PRJFW_EDITNUM.TxtEditNum of control TXT_PERCBASEIMP was not a loaded control class.
Line 1022: Class PRJFW_TmsLabel.TMS_LABEL of control LBL_PERCBASEIMP was not a loaded control class.
Line 1033: Class PRJFW_TmsLabel.TMS_LABEL of control LBL_CODTRIBUTO was not a loaded control class.
Line 1044: Class PRJFW_TmsLabel.TMS_LABEL of control LBL_PERCRA was not a loaded control class.
Line 1055: Class PRJFW_EDITNUM.TxtEditNum of control TXT_PERCRA was not a loaded control class.
Line 1071: Class PRJFW_TmsLabel.TMS_LABEL of control LBL_PERCTRIB was not a loaded control class.
Line 1082: Class PRJFW_EDITNUM.TxtEditNum of control TXT_PERCINPS was not a loaded control class.
Line 1098: Class PRJFW_TmsLabel.TMS_LABEL of control LBL_CODTRIBRP was not a loaded control class.
Line 1109: Class PRJFW_EDITNUM.TxtEditNum of control TXT_PERCCI was not a loaded control class.
Line 1127: Class PRJFW_TmsLabel.TMS_LABEL of control LBL_PERCCI was not a loaded control class.
Line 1138: Class PRJFW_EDITDATE.TxtEditDate of control TXT_DATAREG was not a loaded control class.
Line 1150: Class PRJFW_EDIT.TxtEdit of control TXT_PROTOCOLLO was not a loaded control class.
Line 1213: Class PRJFW_EDIT.TxtEdit of control TXT_DITTA was not a loaded control class.
Line 1229: Class PRJFW_EDIT.TxtEdit of control TXT_ANAGGEN was not a loaded control class.
Line 1244: Class PRJFW_EDITNUM.TxtEditNum of control TXT_IMPNONSOGGRA was not a loaded control class.
Line 1265: Class PRJFW_COMBOBOX.TMS_COMBO of control CBO_TIPOANAG was not a loaded control class.
