Line 57: Class PRJFW_EDIT.TxtEdit of control TXT_NUMREG was not a loaded control class.
Line 72: Class PRJFW_EDIT.TxtEdit of control TXT_DITTA was not a loaded control class.
Line 114: Class PRJFW_EDITM.TXT_EDITM of control TXT_ALIQUOTAOLD was not a loaded control class.
Line 133: Class PRJFW_EDITDEFCONTO.TxtEditDefConto of control TXT_CONTOOLD was not a loaded control class.
Line 146: Class PRJFW_EDITM.TXT_EDITM of control TXT_ALIQUOTANEW was not a loaded control class.
Line 165: Class PRJFW_EDITDEFCONTO.TxtEditDefConto of control TXT_CONTONEW was not a loaded control class.
Line 177: Class PRJFW_EDITDEFCONTO.TxtEditDefConto of control TXT_CONTOIVAOLD was not a loaded control class.
Line 190: Class PRJFW_EDITDEFCONTO.TxtEditDefConto of control TXT_CONTOIVANEW was not a loaded control class.
Line 203: Class PRJFW_COMBOBOX.TMS_COMBO of control CBO_SEGNOIVANEW was not a loaded control class.
Line 217: Class PRJFW_COMBOBOX.TMS_COMBO of control CBO_SEGNOIVAOLD was not a loaded control class.
Line 231: Class PRJFW_COMBOBOX.TMS_COMBO of control CBO_SEGNONEW was not a loaded control class.
Line 245: Class PRJFW_COMBOBOX.TMS_COMBO of control CBO_SEGNOOLD was not a loaded control class.
Line 259: Class PRJFW_EDITNUM.TxtEditNum of control TXT_IMPORTOIVANEW was not a loaded control class.
Line 304: Class PRJFW_EDITNUM.TxtEditNum of control TXT_IMPORTOIVAOLD was not a loaded control class.
Line 318: Class PRJFW_EDITNUM.TxtEditNum of control TXT_IMPONIBILENEW was not a loaded control class.
Line 331: Class PRJFW_EDITNUM.TxtEditNum of control TXT_IMPOSTANEW was not a loaded control class.
Line 345: Class PRJFW_EDITNUM.TxtEditNum of control TXT_IMPOSTANDNEW was not a loaded control class.
Line 401: Class PRJFW_EDITNUM.TxtEditNum of control TXT_IMPONIBILEOLD was not a loaded control class.
Line 433: Class PRJFW_EDITNUM.TxtEditNum of control TXT_IMPOSTAOLD was not a loaded control class.
Line 455: Class PRJFW_EDITNUM.TxtEditNum of control TXT_IMPOSTANDOLD was not a loaded control class.
Line 510: Class PRJFW_EDIT.TxtEdit of control TXT_TOTALENEW was not a loaded control class.
Line 523: Class PRJFW_EDIT.TxtEdit of control TXT_DESCRAGGTESTNEW was not a loaded control class.
Line 538: Class PRJFW_EDIT.TxtEdit of control TXT_NUMDOCORIGNEW was not a loaded control class.
Line 569: Class PRJFW_EDIT.TxtEdit of control TXT_TOTALEOLD was not a loaded control class.
Line 583: Class PRJFW_EDIT.TxtEdit of control TXT_NUMDOCORIGOLD was not a loaded control class.
Line 597: Class PRJFW_EDIT.TxtEdit of control TXT_DESCRAGGTESTOLD was not a loaded control class.
