Line 37: Class PRJFW_EDITDEFCONTO.TxtEditDefConto of control TXT_CONTO1_CASSA was not a loaded control class.
Line 50: Class PRJFW_EDITDEFCONTO.TxtEditDefConto of control TXT_CONTO2_CASSA was not a loaded control class.
Line 63: Class PRJFW_COMBOBOX.TMS_COMBO of control CBO_SEGNO2_CASSA was not a loaded control class.
Line 76: Class PRJFW_COMBOBOX.TMS_COMBO of control CBO_SEGNO1_CASSA was not a loaded control class.
Line 89: Class PRJFW_EDIT.TxtEdit of control TXT_DESCRAGG2_CASSA was not a loaded control class.
Line 104: Class PRJFW_EDIT.TxtEdit of control TXT_DESCRAGG1_CASSA was not a loaded control class.
Line 183: Class PRJFW_EDITNUM.TxtEditNum of control TXT_IMPORTO1_CASSA was not a loaded control class.
Line 196: Class PRJFW_EDITNUM.TxtEditNum of control TXT_IMPORTO2_CASSA was not a loaded control class.
Line 209: Class PRJFW_EDIT.TxtEdit of control TXT_DESCRCONTO2_CASSA was not a loaded control class.
Line 225: Class PRJFW_EDIT.TxtEdit of control TXT_DESCRCONTO1_CASSA was not a loaded control class.
Line 259: Class PRJFW_EDITM.TXT_EDITM of control TXT_CAUSALE was not a loaded control class.
Line 277: Class PRJFW_EDITDATE.TxtEditDate of control TXT_DATAREG was not a loaded control class.
Line 289: Class PRJFW_EDIT.TxtEdit of control TXT_DESCRAGGTEST was not a loaded control class.
Line 304: Class PRJFW_EDITNUM.TxtEditNum of control TXT_TOTALE was not a loaded control class.
Line 317: Class PRJFW_EDIT.TxtEdit of control TXT_DITTA was not a loaded control class.
Line 398: Class PRJFW_EDITDEFCONTO.TxtEditDefConto of control TXT_CONTO1 was not a loaded control class.
Line 411: Class PRJFW_EDITDEFCONTO.TxtEditDefConto of control TXT_CONTO2 was not a loaded control class.
Line 424: Class PRJFW_COMBOBOX.TMS_COMBO of control CBO_SEGNO2 was not a loaded control class.
Line 437: Class PRJFW_COMBOBOX.TMS_COMBO of control CBO_SEGNO1 was not a loaded control class.
Line 450: Class PRJFW_EDIT.TxtEdit of control TXT_DESCRCONTO1 was not a loaded control class.
Line 466: Class PRJFW_EDIT.TxtEdit of control TXT_DESCRCONTO2 was not a loaded control class.
Line 482: Class PRJFW_EDITNUM.TxtEditNum of control TXT_IMPORTO2 was not a loaded control class.
Line 495: Class PRJFW_EDITNUM.TxtEditNum of control TXT_IMPORTO1 was not a loaded control class.
Line 508: Class PRJFW_EDIT.TxtEdit of control TXT_DESCRAGG2 was not a loaded control class.
Line 523: Class PRJFW_EDIT.TxtEdit of control TXT_DESCRAGG1 was not a loaded control class.
Line 638: Class PRJFW_EDIT.TxtEdit of control TXT_NUMREG was not a loaded control class.
