Line 66: Class PRJFW_EDITDEFCONTO.TxtEditDefConto of control TXT_CONTO1 was not a loaded control class.
Line 80: Class PRJFW_EDITDEFCONTO.TxtEditDefConto of control TXT_CONTO2 was not a loaded control class.
Line 93: Class PRJFW_EDITDEFCONTO.TxtEditDefConto of control TXT_CONTO1 was not a loaded control class.
Line 107: Class PRJFW_COMBOBOX.TMS_COMBO of control CBO_SEGNO1 was not a loaded control class.
Line 121: Class PRJFW_EDIT.TxtEdit of control TXT_DESCRCONTO1 was not a loaded control class.
Line 138: Class PRJFW_EDITNUM.TxtEditNum of control TXT_IMPORTO1 was not a loaded control class.
Line 184: Class PRJFW_EDIT.TxtEdit of control TXT_DESCRAGG1 was not a loaded control class.
Line 200: Class PRJFW_COMBOBOX.TMS_COMBO of control CBO_SEGNO1 was not a loaded control class.
Line 214: Class PRJFW_EDIT.TxtEdit of control TXT_DESCRAGG2 was not a loaded control class.
Line 229: Class PRJFW_EDIT.TxtEdit of control TXT_DESCRAGG1 was not a loaded control class.
Line 309: Class PRJFW_EDITNUM.TxtEditNum of control TXT_IMPORTO1 was not a loaded control class.
Line 323: Class PRJFW_EDITNUM.TxtEditNum of control TXT_IMPORTO2 was not a loaded control class.
Line 336: Class PRJFW_EDIT.TxtEdit of control TXT_DESCRCONTO2 was not a loaded control class.
Line 352: Class PRJFW_EDIT.TxtEdit of control TXT_DESCRCONTO1 was not a loaded control class.
Line 369: Class PRJFW_COMBOBOX.TMS_COMBO of control CBO_SEGNO2 was not a loaded control class.
Line 400: Class PRJFW_EDITM.TXT_EDITM of control TXT_CAUSALE was not a loaded control class.
Line 418: Class PRJFW_EDITNUM.TxtEditNum of control TXT_TOTALE was not a loaded control class.
Line 471: Class PRJFW_EDIT.TxtEdit of control TXT_DITTA was not a loaded control class.
Line 487: Class PRJFW_EDIT.TxtEdit of control TXT_DESCRAGGTEST was not a loaded control class.
Line 502: Class PRJFW_EDITDATE.TxtEditDate of control TXT_DATAREG was not a loaded control class.
Line 525: Class PRJFW_EDIT.TxtEdit of control TXT_NUMEROMOVIMENTI was not a loaded control class.
Line 570: Class PRJFW_EDIT.TxtEdit of control TXT_NUMREG was not a loaded control class.
