Line 53: Class PRJFW_EDITM.TXT_EDITM of control TXT_ALIQUOTA1 was not a loaded control class.
Line 71: Class PRJFW_EDITDEFCONTO.TxtEditDefConto of control TXT_CONTO1 was not a loaded control class.
Line 83: Class PRJFW_EDITDEFCONTO.TxtEditDefConto of control TXT_CONTOIVA was not a loaded control class.
Line 95: Class PRJFW_COMBOBOX.TMS_COMBO of control CBO_SEGNOIVA was not a loaded control class.
Line 109: Class PRJFW_EDITNUM.TxtEditNum of control TXT_IMPONIBILE1 was not a loaded control class.
Line 122: Class PRJFW_COMBOBOX.TMS_COMBO of control CBO_SEGNO1 was not a loaded control class.
Line 144: Class PRJFW_EDITNUM.TxtEditNum of control TXT_IMPOSTA1 was not a loaded control class.
Line 182: Class PRJFW_EDITNUM.TxtEditNum of control TXT_IMPORTOIVA was not a loaded control class.
Line 260: Class PRJFW_EDITM.TXT_EDITM of control TXT_CAUSALE was not a loaded control class.
Line 278: Class PRJFW_EDITDATE.TxtEditDate of control TXT_DATADOC was not a loaded control class.
Line 290: Class PRJFW_EDITDATE.TxtEditDate of control TXT_DATAREG was not a loaded control class.
Line 302: Class PRJFW_EDIT.TxtEdit of control TXT_NUMDOCORIG was not a loaded control class.
Line 315: Class PRJFW_COMBOBOX.TMS_COMBO of control CBO_SEGNOCLIFOR was not a loaded control class.
Line 337: Class PRJFW_EDIT.TxtEdit of control TXT_CLIFOR was not a loaded control class.
Line 352: Class PRJFW_EDITNUM.TxtEditNum of control TXT_TOTALE was not a loaded control class.
Line 364: Class PRJFW_EDIT.TxtEdit of control TXT_NUMDOC was not a loaded control class.
Line 377: Class PRJFW_EDIT.TxtEdit of control TXT_DITTA was not a loaded control class.
Line 538: Class PRJFW_EDIT.TxtEdit of control TXT_NUMEROMOVIMENTI was not a loaded control class.
Line 584: Class PRJFW_EDIT.TxtEdit of control TXT_NUMREG was not a loaded control class.
Line 608: Class PRJFW_EDIT.TxtEdit of control TXT_PROG was not a loaded control class.
