Line 42: Class PRJFW_EDITM.TXT_EDITM of control TXT_CAUSALEPAG was not a loaded control class.
Line 60: Class PRJFW_EDIT.TxtEdit of control TXT_DESCRCAUSALE was not a loaded control class.
Line 91: Class PRJFW_EDITNUM.TxtEditNum of control TXT_PAGATO was not a loaded control class.
Line 113: Class PRJFW_EDITM.TXT_EDITM of control TXT_VALUTA was not a loaded control class.
Line 131: Class PRJFW_EDITDATEM.EditDateM of control TXT_DATAREGPAG was not a loaded control class.
Line 147: Class PRJFW_EDITM.TXT_EDITM of control TXT_SEZPART was not a loaded control class.
Line 165: Class PRJFW_CHECKBOX.TMS_CHECKBOX of control CHK_PARTBIS was not a loaded control class.
Line 175: Class PRJFW_TmsLabel.TMS_LABEL of control TMS_LABEL10 was not a loaded control class.
Line 186: Class PRJFW_EDITNUM.TxtEditNum of control TXT_NUMPART was not a loaded control class.
Line 200: Class PRJFW_TmsLabel.TMS_LABEL of control TMS_LABEL5 was not a loaded control class.
Line 211: Class PRJFW_TmsLabel.TMS_LABEL of control TMS_LABEL4 was not a loaded control class.
Line 222: Class PRJFW_EDITNUM.TxtEditNum of control TXT_ANNOPART was not a loaded control class.
Line 236: Class PRJFW_TmsLabel.TMS_LABEL of control TMS_LABEL3 was not a loaded control class.
Line 247: Class PRJFW_EDITNUM.TxtEditNum of control TXT_CLIFOR was not a loaded control class.
Line 261: Class PRJFW_TmsLabel.TMS_LABEL of control TMS_LABEL9 was not a loaded control class.
Line 272: Class PRJFW_TmsLabel.TMS_LABEL of control TMS_LABEL7 was not a loaded control class.
Line 283: Class PRJFW_TmsLabel.TMS_LABEL of control TMS_LABEL8 was not a loaded control class.
Line 294: Class PRJFW_EDITNUM.TxtEditNum of control TXT_TIPOCF was not a loaded control class.
Line 308: Class PRJFW_TmsLabel.TMS_LABEL of control TMS_LABEL6 was not a loaded control class.
Line 339: Class PRJFW_EDIT.TxtEdit of control TXT_DITTA was not a loaded control class.
Line 379: Class PRJFW_EDITNUM.TxtEditNum of control TXT_CAMBIO was not a loaded control class.
Line 400: Class PRJFW_EDIT.TxtEdit of control TXT_NUMREGPAG was not a loaded control class.
Line 415: Class PRJFW_EDITNUM.TxtEditNum of control TXT_RIGACONTPAG was not a loaded control class.
Line 429: Class PRJFW_TmsLabel.TMS_LABEL of control TMS_LABEL1 was not a loaded control class.
Line 440: Class PRJFW_TmsLabel.TMS_LABEL of control TMS_LABEL2 was not a loaded control class.
