Line 26: Class PRJFW_EDITM.TXT_EDITM of control TXT_CAUSALE was not a loaded control class.
Line 44: Class PRJFW_EDITDATE.TxtEditDate of control TXT_DATADOC was not a loaded control class.
Line 56: Class PRJFW_EDITDATE.TxtEditDate of control TXT_DATAREG was not a loaded control class.
Line 68: Class PRJFW_EDIT.TxtEdit of control TXT_NUMDOCORIG was not a loaded control class.
Line 145: Class PRJFW_EDIT.TxtEdit of control TXT_DITTA was not a loaded control class.
Line 161: Class PRJFW_EDIT.TxtEdit of control TXT_NUMDOC was not a loaded control class.
Line 174: Class PRJFW_EDITNUM.TxtEditNum of control TXT_TOTALE was not a loaded control class.
Line 186: Class PRJFW_EDIT.TxtEdit of control TXT_CLIFOR was not a loaded control class.
Line 209: Class PRJFW_COMBOBOX.TMS_COMBO of control CBO_SEGNOCLIFOR was not a loaded control class.
Line 231: Class PRJFW_EDITM.TXT_EDITM of control TXT_ALIQUOTA1 was not a loaded control class.
Line 249: Class PRJFW_EDITDEFCONTO.TxtEditDefConto of control TXT_CONTO1 was not a loaded control class.
Line 261: Class PRJFW_EDITDEFCONTO.TxtEditDefConto of control TXT_CONTOIVA was not a loaded control class.
Line 273: Class PRJFW_EDITM.TXT_EDITM of control TXT_ALIQUOTA2 was not a loaded control class.
Line 291: Class PRJFW_EDITDEFCONTO.TxtEditDefConto of control TXT_CONTO2 was not a loaded control class.
Line 303: Class PRJFW_EDITDEFCONTO.TxtEditDefConto of control TXT_CONTOIVAND was not a loaded control class.
Line 315: Class PRJFW_EDITNUM.TxtEditNum of control TXT_IMPONIBILE1 was not a loaded control class.
Line 328: Class PRJFW_COMBOBOX.TMS_COMBO of control CBO_SEGNOIVAND was not a loaded control class.
Line 342: Class PRJFW_COMBOBOX.TMS_COMBO of control CBO_SEGNOIVA was not a loaded control class.
Line 356: Class PRJFW_COMBOBOX.TMS_COMBO of control CBO_SEGNO2 was not a loaded control class.
Line 434: Class PRJFW_EDITNUM.TxtEditNum of control TXT_IMPORTOIVA was not a loaded control class.
Line 455: Class PRJFW_EDITNUM.TxtEditNum of control TXT_IMPONIBILE2 was not a loaded control class.
Line 543: Class PRJFW_EDITNUM.TxtEditNum of control TXT_IMPOSTA1 was not a loaded control class.
Line 564: Class PRJFW_EDITNUM.TxtEditNum of control TXT_IMPOSTAND1 was not a loaded control class.
Line 585: Class PRJFW_EDITNUM.TxtEditNum of control TXT_IMPOSTA2 was not a loaded control class.
Line 606: Class PRJFW_EDITNUM.TxtEditNum of control TXT_IMPOSTAND2 was not a loaded control class.
Line 627: Class PRJFW_EDITNUM.TxtEditNum of control TXT_IMPORTOIVAND was not a loaded control class.
Line 657: Class PRJFW_COMBOBOX.TMS_COMBO of control CBO_SEGNO1 was not a loaded control class.
Line 717: Class PRJFW_EDIT.TxtEdit of control TXT_NUMREG was not a loaded control class.
