Line 31: Class PRJFW_EDITM.TXT_EDITM of control TXT_SEZAUTO was not a loaded control class.
Line 49: Class PRJFW_EDIT.TxtEdit of control TXT_NUMDOCAUTO was not a loaded control class.
Line 123: Class PRJFW_EDITM.TXT_EDITM of control TXT_ALIQUOTA1 was not a loaded control class.
Line 141: Class PRJFW_EDITDEFCONTO.TxtEditDefConto of control TXT_CONTO1 was not a loaded control class.
Line 153: Class PRJFW_EDITDEFCONTO.TxtEditDefConto of control TXT_CONTOIVA was not a loaded control class.
Line 165: Class PRJFW_EDITM.TXT_EDITM of control TXT_ALIQUOTA2 was not a loaded control class.
Line 183: Class PRJFW_EDITDEFCONTO.TxtEditDefConto of control TXT_CONTO2 was not a loaded control class.
Line 195: Class PRJFW_EDITDEFCONTO.TxtEditDefConto of control TXT_CONTOIVAND was not a loaded control class.
Line 207: Class PRJFW_COMBOBOX.TMS_COMBO of control CBO_SEGNOIVAND was not a loaded control class.
Line 221: Class PRJFW_COMBOBOX.TMS_COMBO of control CBO_SEGNOIVA was not a loaded control class.
Line 235: Class PRJFW_COMBOBOX.TMS_COMBO of control CBO_SEGNO2 was not a loaded control class.
Line 249: Class PRJFW_COMBOBOX.TMS_COMBO of control CBO_SEGNO1 was not a loaded control class.
Line 279: Class PRJFW_EDITNUM.TxtEditNum of control TXT_IMPORTOIVAND was not a loaded control class.
Line 301: Class PRJFW_EDITNUM.TxtEditNum of control TXT_IMPOSTAND2 was not a loaded control class.
Line 322: Class PRJFW_EDITNUM.TxtEditNum of control TXT_IMPOSTA2 was not a loaded control class.
Line 343: Class PRJFW_EDITNUM.TxtEditNum of control TXT_IMPOSTAND1 was not a loaded control class.
Line 364: Class PRJFW_EDITNUM.TxtEditNum of control TXT_IMPOSTA1 was not a loaded control class.
Line 452: Class PRJFW_EDITNUM.TxtEditNum of control TXT_IMPONIBILE2 was not a loaded control class.
Line 472: Class PRJFW_EDITNUM.TxtEditNum of control TXT_IMPORTOIVA was not a loaded control class.
Line 486: Class PRJFW_EDITNUM.TxtEditNum of control TXT_IMPONIBILE1 was not a loaded control class.
Line 571: Class PRJFW_EDITM.TXT_EDITM of control TXT_CAUSALE was not a loaded control class.
Line 589: Class PRJFW_COMBOBOX.TMS_COMBO of control CBO_SEGNOCLIFOR was not a loaded control class.
Line 603: Class PRJFW_EDITDATE.TxtEditDate of control TXT_DATAREG was not a loaded control class.
Line 615: Class PRJFW_EDITDATE.TxtEditDate of control TXT_DATADOC was not a loaded control class.
Line 635: Class PRJFW_EDIT.TxtEdit of control TXT_CLIFOR was not a loaded control class.
Line 650: Class PRJFW_EDIT.TxtEdit of control TXT_NUMDOCORIG was not a loaded control class.
Line 663: Class PRJFW_EDITNUM.TxtEditNum of control TXT_TOTALE was not a loaded control class.
Line 675: Class PRJFW_EDIT.TxtEdit of control TXT_NUMDOC was not a loaded control class.
Line 688: Class PRJFW_EDIT.TxtEdit of control TXT_DITTA was not a loaded control class.
Line 769: Class PRJFW_EDIT.TxtEdit of control TXT_NUMREG was not a loaded control class.
