Line 40: Class PRJFW_EDITM.TXT_EDITM of control TXT_CAUSALE was not a loaded control class.
Line 58: Class PRJFW_EDITDATE.TxtEditDate of control TXT_DATAREG was not a loaded control class.
Line 70: Class PRJFW_EDIT.TxtEdit of control TXT_DESCRAGGTEST was not a loaded control class.
Line 85: Class PRJFW_EDITNUM.TxtEditNum of control TXT_TOTALE was not a loaded control class.
Line 98: Class PRJFW_EDIT.TxtEdit of control TXT_DITTA was not a loaded control class.
Line 186: Class PRJFW_EDITDEFCONTO.TxtEditDefConto of control TXT_CONTO1 was not a loaded control class.
Line 199: Class PRJFW_EDITDEFCONTO.TxtEditDefConto of control TXT_CONTO2 was not a loaded control class.
Line 212: Class PRJFW_EDITDEFCONTO.TxtEditDefConto of control TXT_CONTO3 was not a loaded control class.
Line 232: Class PRJFW_EDITDEFCONTO.TxtEditDefConto of control TXT_CONTO4 was not a loaded control class.
Line 245: Class PRJFW_EDIT.TxtEdit of control TXT_DESCRAGG4 was not a loaded control class.
Line 260: Class PRJFW_COMBOBOX.TMS_COMBO of control CBO_SEGNO4 was not a loaded control class.
Line 281: Class PRJFW_EDITNUM.TxtEditNum of control TXT_ABBUONO4 was not a loaded control class.
Line 294: Class PRJFW_EDIT.TxtEdit of control TXT_DESCRCONTO4 was not a loaded control class.
Line 310: Class PRJFW_EDITNUM.TxtEditNum of control TXT_IMPORTO4 was not a loaded control class.
Line 355: Class PRJFW_COMBOBOX.TMS_COMBO of control CBO_SEGNO3 was not a loaded control class.
Line 368: Class PRJFW_EDIT.TxtEdit of control TXT_DESCRAGG3 was not a loaded control class.
Line 415: Class PRJFW_EDITNUM.TxtEditNum of control TXT_IMPORTO3 was not a loaded control class.
Line 428: Class PRJFW_EDIT.TxtEdit of control TXT_DESCRCONTO3 was not a loaded control class.
Line 444: Class PRJFW_EDITNUM.TxtEditNum of control TXT_ABBUONO3 was not a loaded control class.
Line 473: Class PRJFW_EDITNUM.TxtEditNum of control TXT_ABBUONO1 was not a loaded control class.
Line 486: Class PRJFW_COMBOBOX.TMS_COMBO of control CBO_SEGNO2 was not a loaded control class.
Line 499: Class PRJFW_COMBOBOX.TMS_COMBO of control CBO_SEGNO1 was not a loaded control class.
Line 512: Class PRJFW_EDIT.TxtEdit of control TXT_DESCRCONTO1 was not a loaded control class.
Line 528: Class PRJFW_EDIT.TxtEdit of control TXT_DESCRCONTO2 was not a loaded control class.
Line 544: Class PRJFW_EDITNUM.TxtEditNum of control TXT_IMPORTO2 was not a loaded control class.
Line 557: Class PRJFW_EDITNUM.TxtEditNum of control TXT_IMPORTO1 was not a loaded control class.
Line 570: Class PRJFW_EDIT.TxtEdit of control TXT_DESCRAGG2 was not a loaded control class.
Line 585: Class PRJFW_EDIT.TxtEdit of control TXT_DESCRAGG1 was not a loaded control class.
Line 682: Class PRJFW_EDIT.TxtEdit of control TXT_NUMREG was not a loaded control class.
